<?xml version="1.0" encoding="UTF-8"?>
<testsuite xmlns:xsi="http://www.w3.org/2001/XMLSchema-instance" xsi:noNamespaceSchemaLocation="https://maven.apache.org/surefire/maven-surefire-plugin/xsd/surefire-test-report.xsd" name="TestSuite" time="2.408" tests="4" errors="0" skipped="0" failures="4">
  <properties>
    <property name="sun.desktop" value="windows"/>
    <property name="awt.toolkit" value="sun.awt.windows.WToolkit"/>
    <property name="file.encoding.pkg" value="sun.io"/>
    <property name="java.specification.version" value="1.8"/>
    <property name="sun.cpu.isalist" value="amd64"/>
    <property name="sun.jnu.encoding" value="Cp1252"/>
    <property name="java.class.path" value="D:\demojenkins-master\target\test-classes;D:\demojenkins-master\target\classes;C:\Users\maghouma\.m2\repository\junit\junit\4.11\junit-4.11.jar;C:\Users\maghouma\.m2\repository\org\hamcrest\hamcrest-core\1.3\hamcrest-core-1.3.jar;C:\Users\maghouma\.m2\repository\net\sf\barcode4j\barcode4j\2.1\barcode4j-2.1.jar;C:\Users\maghouma\.m2\repository\avalon-framework\avalon-framework-impl\4.2.0\avalon-framework-impl-4.2.0.jar;C:\Users\maghouma\.m2\repository\commons-cli\commons-cli\1.0\commons-cli-1.0.jar;C:\Users\maghouma\.m2\repository\commons-logging\commons-logging\1.0\commons-logging-1.0.jar;C:\Users\maghouma\.m2\repository\commons-lang\commons-lang\1.0\commons-lang-1.0.jar;C:\Users\maghouma\.m2\repository\org\apache\ant\ant\1.7.1\ant-1.7.1.jar;C:\Users\maghouma\.m2\repository\org\apache\ant\ant-launcher\1.7.1\ant-launcher-1.7.1.jar;C:\Users\maghouma\.m2\repository\avalon-framework\avalon-framework-api\4.2.0\avalon-framework-api-4.2.0.jar;C:\Users\maghouma\.m2\repository\javax\servlet\javax.servlet-api\3.1.0\javax.servlet-api-3.1.0.jar;C:\Users\maghouma\.m2\repository\jstl\jstl\1.2\jstl-1.2.jar;C:\Users\maghouma\.m2\repository\javax\el\el-api\2.2\el-api-2.2.jar;C:\Users\maghouma\.m2\repository\org\testng\testng\6.11\testng-6.11.jar;C:\Users\maghouma\.m2\repository\com\beust\jcommander\1.64\jcommander-1.64.jar;C:\Users\maghouma\.m2\repository\org\yaml\snakeyaml\1.17\snakeyaml-1.17.jar;"/>
    <property name="java.vm.vendor" value="Oracle Corporation"/>
    <property name="sun.arch.data.model" value="64"/>
    <property name="user.variant" value=""/>
    <property name="java.vendor.url" value="http://java.oracle.com/"/>
    <property name="user.timezone" value="Europe/London"/>
    <property name="user.country.format" value="TN"/>
    <property name="java.vm.specification.version" value="1.8"/>
    <property name="os.name" value="Windows 10"/>
    <property name="user.country" value="FR"/>
    <property name="sun.java.launcher" value="SUN_STANDARD"/>
    <property name="sun.boot.library.path" value="C:\Program Files\Java\jdk1.8.0_241\jre\bin"/>
    <property name="sun.java.command" value="C:\Users\maghouma\AppData\Local\Temp\surefire7651536725611099205\surefirebooter8268843363101596814.jar C:\Users\maghouma\AppData\Local\Temp\surefire7651536725611099205 2020-07-20T17-08-58_334-jvmRun1 surefire6509293590315720822tmp surefire_0972543195414753023tmp"/>
    <property name="surefire.test.class.path" value="D:\demojenkins-master\target\test-classes;D:\demojenkins-master\target\classes;C:\Users\maghouma\.m2\repository\junit\junit\4.11\junit-4.11.jar;C:\Users\maghouma\.m2\repository\org\hamcrest\hamcrest-core\1.3\hamcrest-core-1.3.jar;C:\Users\maghouma\.m2\repository\net\sf\barcode4j\barcode4j\2.1\barcode4j-2.1.jar;C:\Users\maghouma\.m2\repository\avalon-framework\avalon-framework-impl\4.2.0\avalon-framework-impl-4.2.0.jar;C:\Users\maghouma\.m2\repository\commons-cli\commons-cli\1.0\commons-cli-1.0.jar;C:\Users\maghouma\.m2\repository\commons-logging\commons-logging\1.0\commons-logging-1.0.jar;C:\Users\maghouma\.m2\repository\commons-lang\commons-lang\1.0\commons-lang-1.0.jar;C:\Users\maghouma\.m2\repository\org\apache\ant\ant\1.7.1\ant-1.7.1.jar;C:\Users\maghouma\.m2\repository\org\apache\ant\ant-launcher\1.7.1\ant-launcher-1.7.1.jar;C:\Users\maghouma\.m2\repository\avalon-framework\avalon-framework-api\4.2.0\avalon-framework-api-4.2.0.jar;C:\Users\maghouma\.m2\repository\javax\servlet\javax.servlet-api\3.1.0\javax.servlet-api-3.1.0.jar;C:\Users\maghouma\.m2\repository\jstl\jstl\1.2\jstl-1.2.jar;C:\Users\maghouma\.m2\repository\javax\el\el-api\2.2\el-api-2.2.jar;C:\Users\maghouma\.m2\repository\org\testng\testng\6.11\testng-6.11.jar;C:\Users\maghouma\.m2\repository\com\beust\jcommander\1.64\jcommander-1.64.jar;C:\Users\maghouma\.m2\repository\org\yaml\snakeyaml\1.17\snakeyaml-1.17.jar;"/>
    <property name="sun.cpu.endian" value="little"/>
    <property name="user.home" value="C:\Users\maghouma"/>
    <property name="user.language" value="fr"/>
    <property name="java.specification.vendor" value="Oracle Corporation"/>
    <property name="java.home" value="C:\Program Files\Java\jdk1.8.0_241\jre"/>
    <property name="basedir" value="D:\demojenkins-master"/>
    <property name="file.separator" value="\"/>
    <property name="line.separator" value="&#10;"/>
    <property name="java.vm.specification.vendor" value="Oracle Corporation"/>
    <property name="java.specification.name" value="Java Platform API Specification"/>
    <property name="java.awt.graphicsenv" value="sun.awt.Win32GraphicsEnvironment"/>
    <property name="surefire.real.class.path" value="C:\Users\maghouma\AppData\Local\Temp\surefire7651536725611099205\surefirebooter8268843363101596814.jar"/>
    <property name="sun.boot.class.path" value="C:\Program Files\Java\jdk1.8.0_241\jre\lib\resources.jar;C:\Program Files\Java\jdk1.8.0_241\jre\lib\rt.jar;C:\Program Files\Java\jdk1.8.0_241\jre\lib\sunrsasign.jar;C:\Program Files\Java\jdk1.8.0_241\jre\lib\jsse.jar;C:\Program Files\Java\jdk1.8.0_241\jre\lib\jce.jar;C:\Program Files\Java\jdk1.8.0_241\jre\lib\charsets.jar;C:\Program Files\Java\jdk1.8.0_241\jre\lib\jfr.jar;C:\Program Files\Java\jdk1.8.0_241\jre\classes"/>
    <property name="user.script" value=""/>
    <property name="sun.management.compiler" value="HotSpot 64-Bit Tiered Compilers"/>
    <property name="java.runtime.version" value="1.8.0_241-b07"/>
    <property name="user.name" value="maghouma"/>
    <property name="path.separator" value=";"/>
    <property name="os.version" value="10.0"/>
    <property name="java.endorsed.dirs" value="C:\Program Files\Java\jdk1.8.0_241\jre\lib\endorsed"/>
    <property name="java.runtime.name" value="Java(TM) SE Runtime Environment"/>
    <property name="file.encoding" value="Cp1252"/>
    <property name="java.vm.name" value="Java HotSpot(TM) 64-Bit Server VM"/>
    <property name="localRepository" value="C:\Users\maghouma\.m2\repository"/>
    <property name="java.vendor.url.bug" value="http://bugreport.sun.com/bugreport/"/>
    <property name="java.io.tmpdir" value="C:\Users\maghouma\AppData\Local\Temp\"/>
    <property name="java.version" value="1.8.0_241"/>
    <property name="user.dir" value="D:\demojenkins-master"/>
    <property name="os.arch" value="amd64"/>
    <property name="java.vm.specification.name" value="Java Virtual Machine Specification"/>
    <property name="java.awt.printerjob" value="sun.awt.windows.WPrinterJob"/>
    <property name="sun.os.patch.level" value=""/>
    <property name="java.library.path" value="C:\Program Files\Java\jdk1.8.0_241\jre\bin;C:\WINDOWS\Sun\Java\bin;C:\WINDOWS\system32;C:\WINDOWS;C:\Program Files\dev\tools\maven-3.0.4/bin;C:\Program Files\Java\jdk1.8.0_241/bin;C:\Program Files\Java\jdk1.8.0_241/bin;C:\Program Files\Java\jdk-11.0.7\bin;C:\Program Files (x86)\Common Files\Oracle\Java\javapath;C:\WINDOWS\system32;C:\WINDOWS;C:\WINDOWS\System32\Wbem;C:\WINDOWS\System32\WindowsPowerShell\v1.0\;C:\WINDOWS\System32\OpenSSH\;C:\Program Files\dev\tools\maven-3.0.4\bin;C:\Program Files\Git\cmd;;C:\Users\maghouma\AppData\Local\Taurus\bin;C:\bin;C:\Users\maghouma\AppData\Local\Microsoft\WindowsApps;\\ad.linedata.com\corpdfs\corp\bin;\\ad.linedata.com\corpdfs\corp\cygwin\bin;C:\Program Files (x86)\sonarqube-8.3.1.34397\bin;;."/>
    <property name="java.vm.info" value="mixed mode"/>
    <property name="java.vendor" value="Oracle Corporation"/>
    <property name="java.vm.version" value="25.241-b07"/>
    <property name="java.ext.dirs" value="C:\Program Files\Java\jdk1.8.0_241\jre\lib\ext;C:\WINDOWS\Sun\Java\lib\ext"/>
    <property name="sun.io.unicode.encoding" value="UnicodeLittle"/>
    <property name="java.class.version" value="52.0"/>
  </properties>
  <testcase name="add" classname="com.CalculetteTest" time="0.041">
    <failure message="org.testng.Assert.assertEquals(DD)V" type="java.lang.NoSuchMethodError">java.lang.NoSuchMethodError: org.testng.Assert.assertEquals(DD)V
	at com.CalculetteTest.add(CalculetteTest.java:9)
</failure>
    <system-out><![CDATA[[TestNGContentHandler] [WARN] It is strongly recommended to add "<!DOCTYPE suite SYSTEM "http://testng.org/testng-1.0.dtd" >" at the top of your file, otherwise TestNG may fail or not work as expected.
]]></system-out>
  </testcase>
  <testcase name="division" classname="com.CalculetteTest" time="0">
    <failure message="org.testng.Assert.assertEquals(DD)V" type="java.lang.NoSuchMethodError">java.lang.NoSuchMethodError: org.testng.Assert.assertEquals(DD)V
	at com.CalculetteTest.division(CalculetteTest.java:24)
</failure>
  </testcase>
  <testcase name="produit" classname="com.CalculetteTest" time="0">
    <failure message="org.testng.Assert.assertEquals(DD)V" type="java.lang.NoSuchMethodError">java.lang.NoSuchMethodError: org.testng.Assert.assertEquals(DD)V
	at com.CalculetteTest.produit(CalculetteTest.java:14)
</failure>
  </testcase>
  <testcase name="soustraire" classname="com.CalculetteTest" time="0.001">
    <failure message="org.testng.Assert.assertEquals(DD)V" type="java.lang.NoSuchMethodError">java.lang.NoSuchMethodError: org.testng.Assert.assertEquals(DD)V
	at com.CalculetteTest.soustraire(CalculetteTest.java:19)
</failure>
  </testcase>
</testsuite>