<?xml version="1.0" encoding="UTF-8"?>
<!-- Generated by org.testng.reporters.JUnitReportReporter -->
<testsuite skipped="0" hostname="TN1PFE-08" name="com.CalculetteTest" tests="4" failures="0" timestamp="2020-07-20T17:07:11 BST" time="0.024" errors="0">
  <testcase name="soustraire" time="0.003" classname="com.CalculetteTest"/>
  <system-out/>
  <testcase name="add" time="0.016" classname="com.CalculetteTest"/>
  <system-out/>
  <testcase name="division" time="0.004" classname="com.CalculetteTest"/>
  <system-out/>
  <testcase name="produit" time="0.001" classname="com.CalculetteTest"/>
  <system-out/>
</testsuite> <!-- com.CalculetteTest -->
